.txtloaded book ID 55084 as The_Homing_Pigeon
.txtloaded book ID 53669 as Portable_Flame_Thrower_M2-2
.txtloaded book ID 49080 as Closing_In_Marines_in_the_Seizure_of_Iwo_Jima
.txtloaded book ID 51058 as Motorcycle,_Solo_(Harley-Davidson_Model_WLA)
Failed to download book ID 5212: 404 Client Error: Not Found for url: https://www.gutenberg.org/cache/epub/5212/pg5212.txt
.txtloaded book ID 21805 as Day_of_Infamy_Speech
.txtloaded book ID 49032 as Bloody_Beaches_The_Marines_at_Peleliu
.txtloaded book ID 47754 as Blesky_nad_Beskydami
.txtloaded book ID 44717 as Forward,_Children!
.txtloaded book ID 48836 as Across_the_Reef_The_Marine_Assault_of_Tarawa
.txtloaded book ID 20587 as Integration_of_the_Armed_Forces,_1940-1965
.txtloaded book ID 49119 as The_Final_Campaign_Marines_in_the_Victory_on_Okinawa
Downloaded book ID 51292 as Trial_of_the_Major_War_Criminals_Before_the_Internat.txtl_Military_Tribunal,_Nuremburg,_14_November_1945-1_October_1946,_Volume_01
.txtloaded book ID 277 as Trinity_Site
.txtloaded book ID 548 as Project_Trinity,_1945-1946
.txtloaded book ID 48991 as Leyte_The_Return_to_the_Philippines
.txtloaded book ID 279 as Photos_and_Maps_of_Trinity_(Atomic_Test)_Site
.txtloaded book ID 8423 as Blood_Brothers_A_Medic's_Sketch_Book
.txtloaded book ID 48807 as First_Offensive_The_Marine_Campaign_for_Guadalcanal
.txtloaded book ID 48899 as Breaching_the_Marianas_The_Battle_for_Saipan
Downloaded book ID 54899 as Trials_of_war_criminals_before_the_Nuernberg_militar.txtibunals_under_control_council_law_no._10,_volume_I
.txtloaded book ID 48969 as A_Close_Encounter_The_Marine_Landing_on_Tinian
.txtloaded book ID 5038 as State_of_the_Union_Addresses
.txtloaded book ID 51854 as The_Rat_Race
.txtloaded book ID 51547 as The_Story_of_the_Airship_(Non-rigid)
.txtloaded book ID 689 as The_Kreutzer_Sonata_and_Other_Stories
.txtloaded book ID 2162 as Anarchism_and_Other_Essays
.txtloaded book ID 23428 as The_Conquest_of_Bread
.txtloaded book ID 27118 as Mother_Earth,_Vol._1_No._2,_April_1906
.txtloaded book ID 4341 as Mutual_Aid_A_Factor_of_Evolution
.txtloaded book ID 4602 as The_Kingdom_of_God_Is_Within_You
.txtloaded book ID 26600 as Mother_Earth,_Vol._1_No._1,_March_1906
Downloaded book ID 360 as What_is_Property_An_Inquiry_into_the_Principle_of_Righ.txtd_of_Government
Failed to download book ID 20677: 404 Client Error: Not Found for url: https://www.gutenberg.org/cache/epub/20677/pg20677.txt
Downloaded book ID 444 as System_of_Economical_Contradictions;_Or,_The_Philosoph.txt_Misery
.txtloaded book ID 20715 as Marriage_and_Love
.txtloaded book ID 27341 as Mother_Earth,_Vol._1_No._4,_June_1906
.txtloaded book ID 27262 as Mother_Earth,_Vol._1_No._3,_May_1906
.txtloaded book ID 18993 as History_of_the_World_War
.txtloaded book ID 15776 as The_Economic_Consequences_of_the_Peace
Downloaded book ID 15464 as Foods_that_will_win_the_war_and_how_to_cook_them_(19.txt
.txtloaded book ID 10444 as The_Peace_Negotiations_A_Personal_Narrative
.txtloaded book ID 3317 as Now_It_Can_Be_Told
.txtloaded book ID 559 as Greenmantle
.txtloaded book ID 1484 as The_Four_Horsemen_of_the_Apocalypse
.txtloaded book ID 353 as In_Flanders_Fields,_and_Other_Poems
.txtloaded book ID 13665 as War_in_the_Garden_of_Eden
.txtloaded book ID 560 as Mr._Standfast
.txtloaded book ID 4380 as Under_Fire_The_Story_of_a_Squad
.txtloaded book ID 19317 as Gallipoli_Diary,__Volume_1
.txtloaded book ID 7947 as The_Diary_of_a_U-boat_Commander
.txtloaded book ID 14055 as Food_Guide_for_War_Service_at_Home
.txtloaded book ID 11352 as Germany_and_the_Next_War
.txtloaded book ID 24572 as Der_rote_Kampfflieger
.txtloaded book ID 14625 as Military_Instructors_Manual
.txtloaded book ID 44979 as The_Secret_Memoirs_of_Bertha_Krupp
.txtloaded book ID 33902 as 1914,_and_Other_Poems
.txtloaded book ID 10338 as With_the_Turks_in_Palestine
.txtloaded book ID 28257 as The_Story_of_the_Great_War,_Volume_1
.txtloaded book ID 10122 as Fairies_and_Fusiliers
.txtloaded book ID 17111 as The_Meaning_of_the_War_Life_&_Matter_in_Conflict
.txtloaded book ID 33889 as The_Salvaging_of_Civilization
.txtloaded book ID 14602 as War_Brides_A_Play_in_One_Act
.txtloaded book ID 1661 as The_Adventures_of_Sherlock_Holmes
.txtloaded book ID 244 as A_Study_in_Scarlet
.txtloaded book ID 2852 as The_Hound_of_the_Baskervilles
.txtloaded book ID 2148 as The_Works_of_Edgar_Allan_Poe_—_Volume_2
.txtloaded book ID 2097 as The_Sign_of_the_Four
.txtloaded book ID 863 as The_Mysterious_Affair_at_Styles
.txtloaded book ID 2147 as The_Works_of_Edgar_Allan_Poe_—_Volume_1
.txtloaded book ID 61262 as Poirot_Investigates
.txtloaded book ID 834 as The_Memoirs_of_Sherlock_Holmes
.txtloaded book ID 108 as The_Return_of_Sherlock_Holmes
.txtloaded book ID 58866 as The_Murder_on_the_Links
.txtloaded book ID 155 as The_Moonstone
.txtloaded book ID 3289 as The_Valley_of_Fear
.txtloaded book ID 204 as The_Innocence_of_Father_Brown
.txtloaded book ID 1155 as The_Secret_Adversary
.txtloaded book ID 61168 as The_Man_in_the_Brown_Suit
.txtloaded book ID 2350 as His_Last_Bow_An_Epilogue_of_Sherlock_Holmes
Failed to download book ID 9551: 404 Client Error: Not Found for url: https://www.gutenberg.org/cache/epub/9551/pg9551.txt
.txtloaded book ID 58820 as Whose_Body_A_Lord_Peter_Wimsey_Novel
.txtloaded book ID 1872 as The_Red_House_Mystery
.txtloaded book ID 1685 as The_Mystery_of_the_Yellow_Room
.txtloaded book ID 807 as Hunted_Down_The_Detective_Stories_of_Charles_Dickens
.txtloaded book ID 223 as The_Wisdom_of_Father_Brown
.txtloaded book ID 4047 as The_Leavenworth_Case
Failed to download book ID 9553: 404 Client Error: Not Found for url: https://www.gutenberg.org/cache/epub/9553/pg9553.txt
.txtloaded book ID 55 as The_Wonderful_Wizard_of_Oz
.txtloaded book ID 1251 as Le_Morte_d'Arthur_Volume_1
.txtloaded book ID 22566 as Dorothy_and_the_Wizard_in_Oz
.txtloaded book ID 12753 as The_Legends_of_King_Arthur_and_His_Knights
.txtloaded book ID 10148 as The_Merry_Adventures_of_Robin_Hood
.txtloaded book ID 1252 as Le_Morte_d'Arthur_Volume_2
.txtloaded book ID 54 as The_Marvelous_Land_of_Oz
.txtloaded book ID 5160 as The_Mabinogion
.txtloaded book ID 2892 as Irish_Fairy_Tales
.txtloaded book ID 831 as Four_Arthurian_Romances
.txtloaded book ID 1152 as The_Story_of_the_Volsungs_(Volsunga_Saga);_with_Excerpts_from_the_Poetic_Edda
.txtloaded book ID 3261 as News_from_Nowhere;_Or,_An_Epoch_of_Rest
.txtloaded book ID 7477 as The_Book_of_Wonder
.txtloaded book ID 10002 as The_House_on_the_Borderland
.txtloaded book ID 10662 as The_Night_Land
.txtloaded book ID 8395 as The_Gods_of_Pegana
.txtloaded book ID 964 as The_Merry_Adventures_of_Robin_Hood
.txtloaded book ID 832 as Robin_Hood
Failed to download book ID 19450: 404 Client Error: Not Found for url: https://www.gutenberg.org/cache/epub/19450/pg19450.txt
.txtloaded book ID 169 as The_Well_at_the_World's_End_A_Tale
.txtloaded book ID 1557 as Men_of_Iron
.txtloaded book ID 420 as Dorothy_and_the_Wizard_in_Oz
.txtloaded book ID 8183 as Time_and_the_Gods
Failed to download book ID 19466: 404 Client Error: Not Found for url: https://www.gutenberg.org/cache/epub/19466/pg19466.txt
.txtloaded book ID 419 as The_Magic_of_Oz
.txtloaded book ID 1259 as Twenty_years_after
.txtloaded book ID 1184 as The_Count_of_Monte_Cristo
.txtloaded book ID 215 as The_call_of_the_wild
.txtloaded book ID 910 as White_Fang
.txtloaded book ID 103 as Around_the_World_in_Eighty_Days
.txtloaded book ID 1257 as The_three_musketeers
.txtloaded book ID 421 as Kidnapped
.txtloaded book ID 60 as The_Scarlet_Pimpernel
.txtloaded book ID 78 as Tarzan_of_the_Apes
.txtloaded book ID 15 as Moby-Dick;_or,_The_Whale
.txtloaded book ID 1947 as Scaramouche_A_Romance_of_the_French_Revolution
.txtloaded book ID 2226 as Kim
.txtloaded book ID 558 as The_Thirty-Nine_Steps
.txtloaded book ID 2166 as King_Solomon's_Mines
.txtloaded book ID 95 as The_Prisoner_of_Zenda
.txtloaded book ID 3155 as She
.txtloaded book ID 2759 as The_Man_in_the_Iron_Mask
.txtloaded book ID 1965 as Captain_Blood
.txtloaded book ID 106 as Jungle_Tales_of_Tarzan
.txtloaded book ID 85 as The_Beasts_of_Tarzan
.txtloaded book ID 3526 as Five_Weeks_in_a_Balloon
.txtloaded book ID 92 as Tarzan_and_the_Jewels_of_Opar
.txtloaded book ID 90 as The_Son_of_Tarzan
.txtloaded book ID 2609 as The_Vicomte_de_Bragelonne
.txtloaded book ID 559 as Greenmantle
.txtloaded book ID 24518 as Memoirs_of_Extraordinary_Popular_Delusions_and_the_Madness_of_Crowds
.txtloaded book ID 15489 as Dream_Psychology_Psychoanalysis_for_Beginners
.txtloaded book ID 13610 as Studies_in_the_Psychology_of_Sex,_Volume_1
.txtloaded book ID 16287 as Talks_To_Teachers_On_Psychology;_And_To_Students_On_Some_Of_Life's_Ideals
.txtloaded book ID 18477 as The_Science_of_Human_Nature_A_Psychology_for_Beginners
.txtloaded book ID 1320 as Criminal_Psychology_A_Manual_for_Judges,_Practitioners,_and_Students
.txtloaded book ID 14969 as Three_Contributions_to_the_Theory_of_Sex
.txtloaded book ID 926 as Ten_Thousand_Dreams_Interpreted;_Or,_What's_in_a_Dream
.txtloaded book ID 13611 as Studies_in_the_Psychology_of_Sex,_Volume_2
.txtloaded book ID 20842 as Dreams
.txtloaded book ID 21077 as The_Mind_and_the_Brain
.txtloaded book ID 22108 as The_Untroubled_Mind
.txtloaded book ID 18843 as Applied_Psychology_for_Nurses
.txtloaded book ID 17829 as The_Trained_Memory
.txtloaded book ID 13612 as Studies_in_the_Psychology_of_Sex,_Volume_3
.txtloaded book ID 449 as Pathology_of_Lying,_Accusation,_and_Swindling_A_Study_in_Forensic_Psychology
.txtloaded book ID 6605 as Unconscious_Memory
.txtloaded book ID 13614 as Studies_in_the_Psychology_of_Sex,_Volume_5
.txtloaded book ID 13613 as Studies_in_the_Psychology_of_Sex,_Volume_4
.txtloaded book ID 53453 as Instincts_of_the_Herd_in_Peace_and_War
.txtloaded book ID 13615 as Studies_in_the_Psychology_of_Sex,_Volume_6
.txtloaded book ID 17334 as Initiative_Psychic_Energy
.txtloaded book ID 22775 as Psychotherapy
.txtloaded book ID 13791 as Psychology_and_Achievement
.txtloaded book ID 4339 as Nerves_and_Common_Sense
.txtloaded book ID 84 as Frankenstein;_Or,_The_Modern_Prometheus
.txtloaded book ID 174 as The_Picture_of_Dorian_Gray
.txtloaded book ID 1952 as The_Yellow_Wallpaper
.txtloaded book ID 345 as Dracula
.txtloaded book ID 768 as Wuthering_Heights
.txtloaded book ID 10007 as Carmilla
.txtloaded book ID 2148 as The_Works_of_Edgar_Allan_Poe_—_Volume_2
.txtloaded book ID 121 as Northanger_Abbey
.txtloaded book ID 209 as The_Turn_of_the_Screw
.txtloaded book ID 512 as Mosses_from_an_old_manse
.txtloaded book ID 6087 as The_Vampyre;_a_Tale
.txtloaded book ID 175 as The_Phantom_of_the_Opera
.txtloaded book ID 42 as The_Strange_Case_of_Dr._Jekyll_and_Mr._Hyde
.txtloaded book ID 696 as The_Castle_of_Otranto
.txtloaded book ID 12122 as The_Monkey's_Paw
.txtloaded book ID 2040 as Confessions_of_an_English_Opium-Eater
.txtloaded book ID 3268 as The_Mysteries_of_Udolpho
.txtloaded book ID 601 as The_Monk_A_Romance
.txtloaded book ID 792 as Wieland;_Or,_The_Transformation_An_American_Tale
.txtloaded book ID 2276 as The_Private_Memoirs_and_Confessions_of_a_Justified_Sinner
.txtloaded book ID 10775 as Le_Horla
.txtloaded book ID 11323 as Caleb_Williams;_Or,_Things_as_They_Are
.txtloaded book ID 1188 as The_Lair_of_the_White_Worm
.txtloaded book ID 1831 as The_Lock_and_Key_Library_Classic_Mystery_and_Detective_Stories_Old_Time_English
.txtloaded book ID 9909 as Nightmare_Abbey
.txtloaded book ID 2554 as Crime_and_Punishment
.txtloaded book ID 6133 as The_Extraordinary_Adventures_of_Arsène_Lupin,_Gentleman-Burglar
.txtloaded book ID 706 as The_Amateur_Cracksman
.txtloaded book ID 4014 as Arsène_Lupin
.txtloaded book ID 1182 as Dope
.txtloaded book ID 1703 as Dead_Men_Tell_No_Tales
.txtloaded book ID 4017 as The_Hollow_Needle;_Further_adventures_of_Arsène_Lupin
.txtloaded book ID 173 as The_Insidious_Dr._Fu_Manchu
.txtloaded book ID 17866 as Murder_in_the_Gunroom
.txtloaded book ID 1563 as The_Crystal_Stopper
.txtloaded book ID 2098 as A_Thief_in_the_Night_A_Book_of_Raffles'_Adventures
.txtloaded book ID 707 as Raffles_Further_Adventures_of_the_Amateur_Cracksman
.txtloaded book ID 7896 as The_Eight_Strokes_of_the_Clock
.txtloaded book ID 19142 as The_Devil_Doctor
.txtloaded book ID 5697 as Tales_of_Chinatown
.txtloaded book ID 19706 as Brood_of_the_Witch-Queen
.txtloaded book ID 13058 as The_Teeth_of_the_Tiger
.txtloaded book ID 2028 as The_Yellow_Claw
.txtloaded book ID 12590 as The_Shadow_of_the_Rope
Failed to download book ID 20592: 404 Client Error: Not Found for url: https://www.gutenberg.org/cache/epub/20592/pg20592.txt
.txtloaded book ID 4715 as An_African_Millionaire_Episodes_in_the_Life_of_the_Illustrious_Colonel_Clay
.txtloaded book ID 1183 as The_Return_of_Dr._Fu-Manchu
.txtloaded book ID 11153 as No_Hero
.txtloaded book ID 9806 as Mr._Justice_Raffles
.txtloaded book ID 6382 as Bat_Wing
.txtloaded book ID 345 as Dracula
.txtloaded book ID 2148 as The_Works_of_Edgar_Allan_Poe_—_Volume_2
.txtloaded book ID 2147 as The_Works_of_Edgar_Allan_Poe_—_Volume_1
.txtloaded book ID 583 as The_Woman_in_White
.txtloaded book ID 155 as The_Moonstone
.txtloaded book ID 974 as The_Secret_Agent_A_Simple_Tale
.txtloaded book ID 2151 as The_Works_of_Edgar_Allan_Poe_—_Volume_5
.txtloaded book ID 558 as The_Thirty-Nine_Steps
.txtloaded book ID 564 as The_Mystery_of_Edwin_Drood
.txtloaded book ID 5164 as The_Beetle_A_Mystery
.txtloaded book ID 2149 as The_Works_of_Edgar_Allan_Poe_—_Volume_3
.txtloaded book ID 2150 as The_Works_of_Edgar_Allan_Poe_—_Volume_4
.txtloaded book ID 559 as Greenmantle
